<?xml version="1.0" encoding="UTF-8"?>
<testng-results skipped="0" failed="0" ignored="0" total="3" passed="3">
  <reporter-output>
  </reporter-output>
  <suite name="Suite" duration-ms="6559" started-at="2019-09-21T11:35:55 CDT" finished-at="2019-09-21T11:36:01 CDT">
    <groups>
    </groups>
    <test name="Test" duration-ms="6559" started-at="2019-09-21T11:35:55 CDT" finished-at="2019-09-21T11:36:01 CDT">
      <class name="com.swetha.framework.Newid">
        <test-method status="PASS" signature="launchBrowser()[pri:0, instance:com.swetha.framework.Newid@4fe3c938]" name="launchBrowser" is-config="true" duration-ms="5745" started-at="2019-09-21T11:35:49 CDT" finished-at="2019-09-21T11:35:55 CDT">
          <reporter-output>
          </reporter-output>
        </test-method> <!-- launchBrowser -->
        <test-method status="PASS" signature="enterURL()[pri:0, instance:com.swetha.framework.Newid@4fe3c938]" name="enterURL" is-config="true" duration-ms="2299" started-at="2019-09-21T11:35:55 CDT" finished-at="2019-09-21T11:35:57 CDT">
          <reporter-output>
          </reporter-output>
        </test-method> <!-- enterURL -->
        <test-method status="PASS" signature="LastrName()[pri:0, instance:com.swetha.framework.Newid@4fe3c938]" name="LastrName" duration-ms="1017" started-at="2019-09-21T11:35:57 CDT" finished-at="2019-09-21T11:35:58 CDT">
          <reporter-output>
          </reporter-output>
        </test-method> <!-- LastrName -->
        <test-method status="PASS" signature="enterUserName()[pri:0, instance:com.swetha.framework.Newid@4fe3c938]" name="enterUserName" duration-ms="1759" started-at="2019-09-21T11:35:58 CDT" finished-at="2019-09-21T11:36:00 CDT">
          <reporter-output>
          </reporter-output>
        </test-method> <!-- enterUserName -->
        <test-method status="PASS" signature="rName()[pri:0, instance:com.swetha.framework.Newid@4fe3c938]" name="rName" duration-ms="1403" started-at="2019-09-21T11:36:00 CDT" finished-at="2019-09-21T11:36:01 CDT">
          <reporter-output>
          </reporter-output>
        </test-method> <!-- rName -->
        <test-method status="PASS" signature="closeBrowser()[pri:0, instance:com.swetha.framework.Newid@4fe3c938]" name="closeBrowser" is-config="true" duration-ms="205" started-at="2019-09-21T11:36:01 CDT" finished-at="2019-09-21T11:36:02 CDT">
          <reporter-output>
          </reporter-output>
        </test-method> <!-- closeBrowser -->
      </class> <!-- com.swetha.framework.Newid -->
    </test> <!-- Test -->
  </suite> <!-- Suite -->
</testng-results>
