<?xml version="1.0" encoding="UTF-8"?>
<testng-results skipped="0" failed="0" ignored="0" total="1" passed="1">
  <reporter-output>
  </reporter-output>
  <suite name="Default suite" duration-ms="1111" started-at="2019-09-21T10:29:35 CDT" finished-at="2019-09-21T10:29:36 CDT">
    <groups>
    </groups>
    <test name="Default test" duration-ms="1111" started-at="2019-09-21T10:29:35 CDT" finished-at="2019-09-21T10:29:36 CDT">
      <class name="com.swetha.com.swetha.framework.NewAlert">
        <test-method status="PASS" signature="launchBrowser()[pri:0, instance:com.swetha.com.swetha.framework.NewAlert@5ec0a365]" name="launchBrowser" is-config="true" duration-ms="4525" started-at="2019-09-21T10:29:30 CDT" finished-at="2019-09-21T10:29:35 CDT">
          <reporter-output>
          </reporter-output>
        </test-method> <!-- launchBrowser -->
        <test-method status="PASS" signature="enterURL()[pri:0, instance:com.swetha.com.swetha.framework.NewAlert@5ec0a365]" name="enterURL" is-config="true" duration-ms="877" started-at="2019-09-21T10:29:35 CDT" finished-at="2019-09-21T10:29:36 CDT">
          <reporter-output>
          </reporter-output>
        </test-method> <!-- enterURL -->
        <test-method status="PASS" signature="prompt()[pri:0, instance:com.swetha.com.swetha.framework.NewAlert@5ec0a365]" name="prompt" duration-ms="177" started-at="2019-09-21T10:29:36 CDT" finished-at="2019-09-21T10:29:36 CDT">
          <reporter-output>
          </reporter-output>
        </test-method> <!-- prompt -->
      </class> <!-- com.swetha.com.swetha.framework.NewAlert -->
    </test> <!-- Default test -->
  </suite> <!-- Default suite -->
</testng-results>
