<?xml version="1.0" encoding="UTF-8"?>
<!-- Generated by org.testng.reporters.JUnitXMLReporter -->
<testsuite hostname="DESKTOP-SNJL23B" ignored="0" name="Test" tests="3" failures="0" timestamp="2019-09-21T11:36:01 CDT" time="6.559" errors="0">
  <testcase name="LastrName" time="1.017" classname="com.swetha.framework.Newid"/>
  <testcase name="enterUserName" time="1.759" classname="com.swetha.framework.Newid"/>
  <testcase name="rName" time="1.403" classname="com.swetha.framework.Newid"/>
</testsuite> <!-- Test -->
