<?xml version="1.0" encoding="UTF-8"?>
<!-- Generated by org.testng.reporters.JUnitXMLReporter -->
<testsuite hostname="DESKTOP-SNJL23B" ignored="0" name="Facebok Login Test" tests="3" failures="0" timestamp="2019-09-20T23:11:45 CDT" time="23.822" errors="0">
  <testcase name="enterUserName" time="0.462" classname="com.swetha.framework.SampleTestNGExample"/>
  <testcase name="enterPassword" time="0.41" classname="com.swetha.framework.SampleTestNGExample"/>
  <testcase name="clickLoginButon" time="16.481" classname="com.swetha.framework.SampleTestNGExample"/>
</testsuite> <!-- Facebok Login Test -->
