<?xml version="1.0" encoding="UTF-8"?>
<!-- Generated by org.testng.reporters.JUnitXMLReporter -->
<testsuite hostname="DESKTOP-SNJL23B" ignored="0" name="Chrome Test" tests="3" failures="0" timestamp="2019-09-23T22:13:51 CDT" time="20.291" errors="0">
  <testcase name="enterUserName" time="0.323" classname="com.swetha.framework.SampleTestNGExample"/>
  <testcase name="enterPassword" time="0.304" classname="com.swetha.framework.SampleTestNGExample"/>
  <testcase name="clickLoginButon" time="16.511" classname="com.swetha.framework.SampleTestNGExample"/>
</testsuite> <!-- Chrome Test -->
