<?xml version="1.0" encoding="UTF-8"?>
<!-- Generated by org.testng.reporters.JUnitXMLReporter -->
<testsuite hostname="DESKTOP-SNJL23B" ignored="0" name="FireFox Test" tests="3" failures="0" timestamp="2019-09-23T22:11:03 CDT" time="7.73" errors="0">
  <testcase name="enterUserName" time="0.207" classname="com.swetha.framework.FirefoxExample"/>
  <testcase name="enterPassword" time="0.202" classname="com.swetha.framework.FirefoxExample"/>
  <testcase name="clickLoginButon" time="5.425" classname="com.swetha.framework.FirefoxExample"/>
</testsuite> <!-- FireFox Test -->
