<?xml version="1.0" encoding="UTF-8"?>
<!-- Generated by org.testng.reporters.JUnitXMLReporter -->
<testsuite hostname="DESKTOP-SNJL23B" ignored="0" name="new test" tests="7" failures="0" timestamp="2019-09-22T12:18:16 CDT" time="14.294" errors="0">
  <testcase name="prompt" time="0.14" classname="com.swetha.com.swetha.framework.NewAlert"/>
  <testcase name="LastrName" time="0.18" classname="com.swetha.framework.Newid"/>
  <testcase name="enterUserName" time="0.136" classname="com.swetha.framework.Newid"/>
  <testcase name="rName" time="0.821" classname="com.swetha.framework.Newid"/>
  <testcase name="enterUserName" time="0.25" classname="com.swetha.framework.SampleTestNGExample"/>
  <testcase name="enterPassword" time="0.223" classname="com.swetha.framework.SampleTestNGExample"/>
  <testcase name="clickLoginButon" time="3.471" classname="com.swetha.framework.SampleTestNGExample"/>
</testsuite> <!-- new test -->
