<?xml version="1.0" encoding="UTF-8"?>
<testng-results skipped="0" failed="0" ignored="0" total="2" passed="2">
  <reporter-output>
  </reporter-output>
  <suite name="Suite" duration-ms="2455" started-at="2019-09-26T21:35:56 CDT" finished-at="2019-09-26T21:35:58 CDT">
    <groups>
    </groups>
    <test name="Test" duration-ms="2455" started-at="2019-09-26T21:35:56 CDT" finished-at="2019-09-26T21:35:58 CDT">
      <class name="com.swetha.example.Add">
        <test-method status="PASS" signature="launchBrowser()[pri:0, instance:com.swetha.example.Add@5ae63ade]" name="launchBrowser" is-config="true" duration-ms="4559" started-at="2019-09-26T21:35:51 CDT" finished-at="2019-09-26T21:35:56 CDT">
          <reporter-output>
          </reporter-output>
        </test-method> <!-- launchBrowser -->
        <test-method status="PASS" signature="enterURL()[pri:0, instance:com.swetha.example.Add@5ae63ade]" name="enterURL" is-config="true" duration-ms="1870" started-at="2019-09-26T21:35:56 CDT" finished-at="2019-09-26T21:35:58 CDT">
          <reporter-output>
          </reporter-output>
        </test-method> <!-- enterURL -->
        <test-method status="PASS" signature="LastrName()[pri:0, instance:com.swetha.example.Add@5ae63ade]" name="LastrName" duration-ms="245" started-at="2019-09-26T21:35:58 CDT" finished-at="2019-09-26T21:35:58 CDT">
          <reporter-output>
          </reporter-output>
        </test-method> <!-- LastrName -->
        <test-method status="PASS" signature="enterUserName()[pri:0, instance:com.swetha.example.Add@5ae63ade]" name="enterUserName" duration-ms="283" started-at="2019-09-26T21:35:58 CDT" finished-at="2019-09-26T21:35:58 CDT">
          <reporter-output>
          </reporter-output>
        </test-method> <!-- enterUserName -->
        <test-method status="PASS" signature="closeBrowser()[pri:0, instance:com.swetha.example.Add@5ae63ade]" name="closeBrowser" is-config="true" duration-ms="2100" started-at="2019-09-26T21:35:58 CDT" finished-at="2019-09-26T21:36:00 CDT">
          <reporter-output>
          </reporter-output>
        </test-method> <!-- closeBrowser -->
      </class> <!-- com.swetha.example.Add -->
    </test> <!-- Test -->
  </suite> <!-- Suite -->
</testng-results>
